[Sat May 25 01:13:06 2024
] Client [127.0.0.1]: admin adminpass

[Sat May 25 01:13:06 2024
] Admin authenticated
[Sat May 25 01:13:23 2024
] Client [127.0.0.1]: simple simplepass

[Sat May 25 01:13:23 2024
] Simple user authenticated
[Sat May 25 01:13:30 2024
] Client [127.0.0.1]: remote remotepass

[Sat May 25 01:13:30 2024
] Remote user authenticated
[Sat May 25 01:55:07 2024
] Client [127.0.0.1]: d

[Sat May 25 01:55:07 2024
] Authentication failed
[Sat May 25 01:56:17 2024
] Client [127.0.0.1]: admin adminpass

[Sat May 25 01:56:17 2024
] Admin authenticated
[Sat May 25 02:42:07 2024
] Client [127.0.0.1]: admin adminpass

[Sat May 25 02:42:07 2024
] Admin authenticated
[Sat May 25 21:33:05 2024
] Client [127.0.0.1]: admin adminpass

[Sat May 25 21:33:05 2024
] Admin authenticated
[Sat May 25 21:33:37 2024
] Client [127.0.0.1]: admin adminpass

[Sat May 25 21:33:37 2024
] Admin authenticated
[Sat May 25 21:34:03 2024
] Client [127.0.0.1]: simple simplepass

[Sat May 25 21:34:03 2024
] Simple user authenticated
[Sun May 26 12:02:51 2024
] Authentication failed
[Sun May 26 12:03:17 2024
] Authentication failed
[Sun May 26 12:10:51 2024
] Authentication failed
[Sun May 26 12:11:56 2024
] Authentication failed
[Sun May 26 12:13:18 2024
] Authentication failed
[Sun May 26 12:13:37 2024
] Authentication failed
[Sun May 26 12:16:52 2024
] Authentication failed
[Sun May 26 12:20:16 2024
] Admin authenticated
[Sun May 26 12:29:06 2024
] Admin authenticated
[Sun May 26 12:29:50 2024
] Admin authenticated
[Sun May 26 12:51:00 2024
] Admin authenticated
[Sun May 26 13:17:15 2024
] Authentication failed
[Sun May 26 13:17:57 2024
] Simple user authenticated
[Sun May 26 14:48:42 2024
] Simple user authenticated
[Sun May 26 14:54:16 2024
] Simple user authenticated
[Sun May 26 15:22:09 2024
] Authentication failed
[Sun May 26 15:22:55 2024
] Simple user authenticated
[Sun May 26 15:43:11 2024
] Simple user authenticated
[Sun May 26 15:49:57 2024
] Authentication failed
[Sun May 26 15:51:05 2024
] Simple user authenticated
[Sun May 26 15:52:20 2024
] Admin authenticated
[Sun May 26 15:54:12 2024
] Simple user authenticated
[Sun May 26 15:55:42 2024
] Simple user authenticated
[Sun May 26 17:16:44 2024
] Simple user authenticated
[Sun May 26 17:36:23 2024
] Simple user authenticated
[Sun May 26 17:41:58 2024
] Simple user authenticated
[Sun May 26 17:42:11 2024
] User uploaded a new metadata file
[Sun May 26 17:45:59 2024
] Simple user authenticated
[Sun May 26 17:49:16 2024
] Simple user authenticated
[Sun May 26 19:27:16 2024
] Simple user authenticated
